20-02-2023 12:17:48.887  [35m[background-preinit][0;39m [33mVersion:21[0;39m - HV000001: Hibernate Validator 8.0.0.Final
20-02-2023 12:17:49.064  [35m[restartedMain][0;39m [33mStartupInfoLogger:51[0;39m - Starting DemoSecurityWebApplication using Java 17.0.3 with PID 18544 (C:\Users\Raju\Downloads\demoSecurityWeb\target\classes started by Raju in C:\Users\Raju\Downloads\demoSecurityWeb)
20-02-2023 12:17:49.066  [35m[restartedMain][0;39m [33mSpringApplication:636[0;39m - The following 1 profile is active: "dev"
20-02-2023 12:17:49.141  [35m[restartedMain][0;39m [33mDeferredLog:250[0;39m - Devtools property defaults active! Set 'spring.devtools.add-properties' to 'false' to disable
20-02-2023 12:17:49.141  [35m[restartedMain][0;39m [33mDeferredLog:250[0;39m - For additional web related logging consider setting the 'logging.level.web' property to 'DEBUG'
20-02-2023 12:17:51.011  [35m[restartedMain][0;39m [33mRepositoryConfigurationDelegate:138[0;39m - Bootstrapping Spring Data JPA repositories in DEFAULT mode.
20-02-2023 12:17:51.108  [35m[restartedMain][0;39m [33mRepositoryConfigurationDelegate:208[0;39m - Finished Spring Data repository scanning in 77 ms. Found 3 JPA repository interfaces.
20-02-2023 12:17:52.080  [35m[restartedMain][0;39m [33mTomcatWebServer:108[0;39m - Tomcat initialized with port(s): 8080 (http)
20-02-2023 12:17:52.234  [35m[restartedMain][0;39m [33mDirectJDKLog:173[0;39m - Initializing ProtocolHandler ["http-nio-8080"]
20-02-2023 12:17:52.235  [35m[restartedMain][0;39m [33mDirectJDKLog:173[0;39m - Starting service [Tomcat]
20-02-2023 12:17:52.236  [35m[restartedMain][0;39m [33mDirectJDKLog:173[0;39m - Starting Servlet engine: [Apache Tomcat/10.1.5]
20-02-2023 12:17:52.302  [35m[restartedMain][0;39m [33mDirectJDKLog:173[0;39m - Initializing Spring embedded WebApplicationContext
20-02-2023 12:17:52.303  [35m[restartedMain][0;39m [33mServletWebServerApplicationContext:291[0;39m - Root WebApplicationContext: initialization completed in 3159 ms
20-02-2023 12:17:52.604  [35m[restartedMain][0;39m [33mLogHelper:31[0;39m - HHH000204: Processing PersistenceUnitInfo [name: default]
20-02-2023 12:17:52.676  [35m[restartedMain][0;39m [33mVersion:44[0;39m - HHH000412: Hibernate ORM core version 6.1.6.Final
20-02-2023 12:17:52.976  [35m[restartedMain][0;39m [33mMetadataBuilderImpl$MetadataBuildingOptionsImpl:626[0;39m - HHH90000021: Encountered deprecated setting [javax.persistence.sharedCache.mode], use [jakarta.persistence.sharedCache.mode] instead
20-02-2023 12:17:53.171  [35m[restartedMain][0;39m [33mHikariDataSource:110[0;39m - HikariPool-1 - Starting...
20-02-2023 12:17:53.416  [35m[restartedMain][0;39m [33mHikariPool:565[0;39m - HikariPool-1 - Added connection com.mysql.cj.jdbc.ConnectionImpl@4748cf0
20-02-2023 12:17:53.418  [35m[restartedMain][0;39m [33mHikariDataSource:123[0;39m - HikariPool-1 - Start completed.
20-02-2023 12:17:53.467  [35m[restartedMain][0;39m [33mDialectFactoryImpl:66[0;39m - HHH000400: Using dialect: org.hibernate.dialect.MySQL8Dialect
20-02-2023 12:17:53.468  [35m[restartedMain][0;39m [33mDialectFactoryImpl:73[0;39m - HHH90000026: MySQL8Dialect has been deprecated; use org.hibernate.dialect.MySQLDialect instead
20-02-2023 12:17:54.883  [35m[restartedMain][0;39m [33mJtaPlatformInitiator:51[0;39m - HHH000490: Using JtaPlatform implementation: [org.hibernate.engine.transaction.jta.platform.internal.NoJtaPlatform]
20-02-2023 12:17:54.894  [35m[restartedMain][0;39m [33mAbstractEntityManagerFactoryBean:437[0;39m - Initialized JPA EntityManagerFactory for persistence unit 'default'
20-02-2023 12:17:56.461  [35m[restartedMain][0;39m [33mDefaultSecurityFilterChain:54[0;39m - Will secure any request with [org.springframework.security.web.session.DisableEncodeUrlFilter@9ae5387, org.springframework.security.web.context.request.async.WebAsyncManagerIntegrationFilter@a475738, org.springframework.security.web.context.SecurityContextHolderFilter@6217ed08, org.springframework.security.web.header.HeaderWriterFilter@50157c83, org.springframework.security.web.csrf.CsrfFilter@29de7a97, org.springframework.security.web.authentication.logout.LogoutFilter@13ac6a40, org.springframework.security.web.authentication.UsernamePasswordAuthenticationFilter@31964f17, org.springframework.security.web.savedrequest.RequestCacheAwareFilter@2b8c31f5, org.springframework.security.web.servletapi.SecurityContextHolderAwareRequestFilter@2e963c4d, org.springframework.security.web.authentication.AnonymousAuthenticationFilter@92a4f90, org.springframework.security.web.access.ExceptionTranslationFilter@7146b584, org.springframework.security.web.access.intercept.AuthorizationFilter@dd1c765]
20-02-2023 12:17:56.502  [35m[restartedMain][0;39m [33mJdbcUserDetailsManager:169[0;39m - No authentication manager set. Reauthentication of users when changing passwords will not be performed.
20-02-2023 12:17:56.948  [35m[restartedMain][0;39m [33mOptionalLiveReloadServer:59[0;39m - LiveReload server is running on port 35729
20-02-2023 12:17:56.968  [35m[restartedMain][0;39m [33mDirectJDKLog:173[0;39m - Starting ProtocolHandler ["http-nio-8080"]
20-02-2023 12:17:57.008  [35m[restartedMain][0;39m [33mTomcatWebServer:220[0;39m - Tomcat started on port(s): 8080 (http) with context path ''
20-02-2023 12:17:57.017  [35m[restartedMain][0;39m [33mStartupInfoLogger:57[0;39m - Started DemoSecurityWebApplication in 8.616 seconds (process running for 13.03)
20-02-2023 13:17:39.230  [35m[SpringApplicationShutdownHook][0;39m [33mAbstractEntityManagerFactoryBean:650[0;39m - Closing JPA EntityManagerFactory for persistence unit 'default'
20-02-2023 13:17:39.253  [35m[SpringApplicationShutdownHook][0;39m [33mHikariDataSource:350[0;39m - HikariPool-1 - Shutdown initiated...
20-02-2023 13:17:39.257  [35m[SpringApplicationShutdownHook][0;39m [33mHikariDataSource:352[0;39m - HikariPool-1 - Shutdown completed.
20-02-2023 15:29:23.721  [35m[background-preinit][0;39m [33mVersion:21[0;39m - HV000001: Hibernate Validator 8.0.0.Final
20-02-2023 15:29:23.763  [35m[restartedMain][0;39m [33mStartupInfoLogger:51[0;39m - Starting DemoSecurityWebApplication using Java 17.0.3 with PID 17792 (C:\Users\Raju\Downloads\demoSecurityWeb\target\classes started by Raju in C:\Users\Raju\Downloads\demoSecurityWeb)
20-02-2023 15:29:23.764  [35m[restartedMain][0;39m [33mSpringApplication:636[0;39m - The following 1 profile is active: "dev"
20-02-2023 15:29:23.809  [35m[restartedMain][0;39m [33mDeferredLog:250[0;39m - Devtools property defaults active! Set 'spring.devtools.add-properties' to 'false' to disable
20-02-2023 15:29:23.809  [35m[restartedMain][0;39m [33mDeferredLog:250[0;39m - For additional web related logging consider setting the 'logging.level.web' property to 'DEBUG'
20-02-2023 15:29:24.496  [35m[restartedMain][0;39m [33mRepositoryConfigurationDelegate:138[0;39m - Bootstrapping Spring Data JPA repositories in DEFAULT mode.
20-02-2023 15:29:24.547  [35m[restartedMain][0;39m [33mRepositoryConfigurationDelegate:208[0;39m - Finished Spring Data repository scanning in 43 ms. Found 3 JPA repository interfaces.
20-02-2023 15:29:25.119  [35m[restartedMain][0;39m [33mTomcatWebServer:108[0;39m - Tomcat initialized with port(s): 8080 (http)
20-02-2023 15:29:25.128  [35m[restartedMain][0;39m [33mDirectJDKLog:173[0;39m - Initializing ProtocolHandler ["http-nio-8080"]
20-02-2023 15:29:25.129  [35m[restartedMain][0;39m [33mDirectJDKLog:173[0;39m - Starting service [Tomcat]
20-02-2023 15:29:25.129  [35m[restartedMain][0;39m [33mDirectJDKLog:173[0;39m - Starting Servlet engine: [Apache Tomcat/10.1.5]
20-02-2023 15:29:25.185  [35m[restartedMain][0;39m [33mDirectJDKLog:173[0;39m - Initializing Spring embedded WebApplicationContext
20-02-2023 15:29:25.185  [35m[restartedMain][0;39m [33mServletWebServerApplicationContext:291[0;39m - Root WebApplicationContext: initialization completed in 1375 ms
20-02-2023 15:29:25.372  [35m[restartedMain][0;39m [33mLogHelper:31[0;39m - HHH000204: Processing PersistenceUnitInfo [name: default]
20-02-2023 15:29:25.477  [35m[restartedMain][0;39m [33mVersion:44[0;39m - HHH000412: Hibernate ORM core version 6.1.6.Final
20-02-2023 15:29:25.730  [35m[restartedMain][0;39m [33mMetadataBuilderImpl$MetadataBuildingOptionsImpl:626[0;39m - HHH90000021: Encountered deprecated setting [javax.persistence.sharedCache.mode], use [jakarta.persistence.sharedCache.mode] instead
20-02-2023 15:29:25.855  [35m[restartedMain][0;39m [33mHikariDataSource:110[0;39m - HikariPool-1 - Starting...
20-02-2023 15:29:26.097  [35m[restartedMain][0;39m [33mHikariPool:565[0;39m - HikariPool-1 - Added connection com.mysql.cj.jdbc.ConnectionImpl@4e5e1ca2
20-02-2023 15:29:26.099  [35m[restartedMain][0;39m [33mHikariDataSource:123[0;39m - HikariPool-1 - Start completed.
20-02-2023 15:29:26.135  [35m[restartedMain][0;39m [33mDialectFactoryImpl:66[0;39m - HHH000400: Using dialect: org.hibernate.dialect.MySQL8Dialect
20-02-2023 15:29:26.137  [35m[restartedMain][0;39m [33mDialectFactoryImpl:73[0;39m - HHH90000026: MySQL8Dialect has been deprecated; use org.hibernate.dialect.MySQLDialect instead
20-02-2023 15:29:27.670  [35m[restartedMain][0;39m [33mJtaPlatformInitiator:51[0;39m - HHH000490: Using JtaPlatform implementation: [org.hibernate.engine.transaction.jta.platform.internal.NoJtaPlatform]
20-02-2023 15:29:27.681  [35m[restartedMain][0;39m [33mAbstractEntityManagerFactoryBean:437[0;39m - Initialized JPA EntityManagerFactory for persistence unit 'default'
20-02-2023 15:29:29.015  [35m[restartedMain][0;39m [33mDefaultSecurityFilterChain:54[0;39m - Will secure any request with [org.springframework.security.web.session.DisableEncodeUrlFilter@12994e94, org.springframework.security.web.context.request.async.WebAsyncManagerIntegrationFilter@5d8fbf4c, org.springframework.security.web.context.SecurityContextHolderFilter@2ff17fa2, org.springframework.security.web.header.HeaderWriterFilter@890f0b0, org.springframework.security.web.csrf.CsrfFilter@4e4a9e79, org.springframework.security.web.authentication.logout.LogoutFilter@7be88d0, org.springframework.security.web.authentication.UsernamePasswordAuthenticationFilter@9211cd3, org.springframework.security.web.savedrequest.RequestCacheAwareFilter@305bd518, org.springframework.security.web.servletapi.SecurityContextHolderAwareRequestFilter@5b018c58, org.springframework.security.web.authentication.AnonymousAuthenticationFilter@5cc9e7aa, org.springframework.security.web.access.ExceptionTranslationFilter@143a7d45, org.springframework.security.web.access.intercept.AuthorizationFilter@ec83231]
20-02-2023 15:29:29.042  [35m[restartedMain][0;39m [33mJdbcUserDetailsManager:169[0;39m - No authentication manager set. Reauthentication of users when changing passwords will not be performed.
20-02-2023 15:29:29.341  [35m[restartedMain][0;39m [33mOptionalLiveReloadServer:59[0;39m - LiveReload server is running on port 35729
20-02-2023 15:29:29.359  [35m[restartedMain][0;39m [33mDirectJDKLog:173[0;39m - Starting ProtocolHandler ["http-nio-8080"]
20-02-2023 15:29:29.377  [35m[restartedMain][0;39m [33mTomcatWebServer:220[0;39m - Tomcat started on port(s): 8080 (http) with context path ''
20-02-2023 15:29:29.386  [35m[restartedMain][0;39m [33mStartupInfoLogger:57[0;39m - Started DemoSecurityWebApplication in 5.925 seconds (process running for 6.576)
20-02-2023 15:30:32.655  [35m[http-nio-8080-exec-1][0;39m [33mDirectJDKLog:173[0;39m - Initializing Spring DispatcherServlet 'dispatcherServlet'
20-02-2023 15:30:32.655  [35m[http-nio-8080-exec-1][0;39m [33mFrameworkServlet:532[0;39m - Initializing Servlet 'dispatcherServlet'
20-02-2023 15:30:32.656  [35m[http-nio-8080-exec-1][0;39m [33mFrameworkServlet:554[0;39m - Completed initialization in 1 ms
20-02-2023 15:30:47.834  [35m[http-nio-8080-exec-4][0;39m [33mAbstractOpenApiResource:401[0;39m - Init duration for springdoc-openapi is: 335 ms
20-02-2023 15:31:47.807  [35m[SpringApplicationShutdownHook][0;39m [33mAbstractEntityManagerFactoryBean:650[0;39m - Closing JPA EntityManagerFactory for persistence unit 'default'
20-02-2023 15:31:47.811  [35m[SpringApplicationShutdownHook][0;39m [33mHikariDataSource:350[0;39m - HikariPool-1 - Shutdown initiated...
20-02-2023 15:31:47.820  [35m[SpringApplicationShutdownHook][0;39m [33mHikariDataSource:352[0;39m - HikariPool-1 - Shutdown completed.
20-02-2023 15:31:56.140  [35m[background-preinit][0;39m [33mVersion:21[0;39m - HV000001: Hibernate Validator 8.0.0.Final
20-02-2023 15:31:56.198  [35m[restartedMain][0;39m [33mStartupInfoLogger:51[0;39m - Starting DemoSecurityWebApplication using Java 17.0.3 with PID 21432 (C:\Users\Raju\Downloads\demoSecurityWeb\target\classes started by Raju in C:\Users\Raju\Downloads\demoSecurityWeb)
20-02-2023 15:31:56.199  [35m[restartedMain][0;39m [33mSpringApplication:636[0;39m - The following 1 profile is active: "dev"
20-02-2023 15:31:56.243  [35m[restartedMain][0;39m [33mDeferredLog:250[0;39m - Devtools property defaults active! Set 'spring.devtools.add-properties' to 'false' to disable
20-02-2023 15:31:56.244  [35m[restartedMain][0;39m [33mDeferredLog:250[0;39m - For additional web related logging consider setting the 'logging.level.web' property to 'DEBUG'
20-02-2023 15:31:56.989  [35m[restartedMain][0;39m [33mRepositoryConfigurationDelegate:138[0;39m - Bootstrapping Spring Data JPA repositories in DEFAULT mode.
20-02-2023 15:31:57.042  [35m[restartedMain][0;39m [33mRepositoryConfigurationDelegate:208[0;39m - Finished Spring Data repository scanning in 47 ms. Found 3 JPA repository interfaces.
20-02-2023 15:31:57.632  [35m[restartedMain][0;39m [33mTomcatWebServer:108[0;39m - Tomcat initialized with port(s): 8080 (http)
20-02-2023 15:31:57.641  [35m[restartedMain][0;39m [33mDirectJDKLog:173[0;39m - Initializing ProtocolHandler ["http-nio-8080"]
20-02-2023 15:31:57.641  [35m[restartedMain][0;39m [33mDirectJDKLog:173[0;39m - Starting service [Tomcat]
20-02-2023 15:31:57.641  [35m[restartedMain][0;39m [33mDirectJDKLog:173[0;39m - Starting Servlet engine: [Apache Tomcat/10.1.5]
20-02-2023 15:31:57.691  [35m[restartedMain][0;39m [33mDirectJDKLog:173[0;39m - Initializing Spring embedded WebApplicationContext
20-02-2023 15:31:57.692  [35m[restartedMain][0;39m [33mServletWebServerApplicationContext:291[0;39m - Root WebApplicationContext: initialization completed in 1448 ms
20-02-2023 15:31:57.857  [35m[restartedMain][0;39m [33mLogHelper:31[0;39m - HHH000204: Processing PersistenceUnitInfo [name: default]
20-02-2023 15:31:57.901  [35m[restartedMain][0;39m [33mVersion:44[0;39m - HHH000412: Hibernate ORM core version 6.1.6.Final
20-02-2023 15:31:58.056  [35m[restartedMain][0;39m [33mMetadataBuilderImpl$MetadataBuildingOptionsImpl:626[0;39m - HHH90000021: Encountered deprecated setting [javax.persistence.sharedCache.mode], use [jakarta.persistence.sharedCache.mode] instead
20-02-2023 15:31:58.153  [35m[restartedMain][0;39m [33mHikariDataSource:110[0;39m - HikariPool-1 - Starting...
20-02-2023 15:31:58.284  [35m[restartedMain][0;39m [33mHikariPool:565[0;39m - HikariPool-1 - Added connection com.mysql.cj.jdbc.ConnectionImpl@105204de
20-02-2023 15:31:58.286  [35m[restartedMain][0;39m [33mHikariDataSource:123[0;39m - HikariPool-1 - Start completed.
20-02-2023 15:31:58.302  [35m[restartedMain][0;39m [33mDialectFactoryImpl:66[0;39m - HHH000400: Using dialect: org.hibernate.dialect.MySQL8Dialect
20-02-2023 15:31:58.302  [35m[restartedMain][0;39m [33mDialectFactoryImpl:73[0;39m - HHH90000026: MySQL8Dialect has been deprecated; use org.hibernate.dialect.MySQLDialect instead
20-02-2023 15:31:59.118  [35m[restartedMain][0;39m [33mJtaPlatformInitiator:51[0;39m - HHH000490: Using JtaPlatform implementation: [org.hibernate.engine.transaction.jta.platform.internal.NoJtaPlatform]
20-02-2023 15:31:59.127  [35m[restartedMain][0;39m [33mAbstractEntityManagerFactoryBean:437[0;39m - Initialized JPA EntityManagerFactory for persistence unit 'default'
20-02-2023 15:32:00.149  [35m[restartedMain][0;39m [33mDefaultSecurityFilterChain:54[0;39m - Will secure any request with [org.springframework.security.web.session.DisableEncodeUrlFilter@1f5154c2, org.springframework.security.web.context.request.async.WebAsyncManagerIntegrationFilter@2ae3804b, org.springframework.security.web.context.SecurityContextHolderFilter@7b756549, org.springframework.security.web.header.HeaderWriterFilter@73b888e6, org.springframework.security.web.csrf.CsrfFilter@23d5d1c1, org.springframework.security.web.authentication.logout.LogoutFilter@67fee264, org.springframework.security.web.authentication.UsernamePasswordAuthenticationFilter@64a55664, org.springframework.security.web.savedrequest.RequestCacheAwareFilter@301b7e7f, org.springframework.security.web.servletapi.SecurityContextHolderAwareRequestFilter@6310936b, org.springframework.security.web.authentication.AnonymousAuthenticationFilter@64bbf505, org.springframework.security.web.access.ExceptionTranslationFilter@1f3996b0, org.springframework.security.web.access.intercept.AuthorizationFilter@7465823]
20-02-2023 15:32:00.175  [35m[restartedMain][0;39m [33mJdbcUserDetailsManager:169[0;39m - No authentication manager set. Reauthentication of users when changing passwords will not be performed.
20-02-2023 15:32:00.488  [35m[restartedMain][0;39m [33mOptionalLiveReloadServer:59[0;39m - LiveReload server is running on port 35729
20-02-2023 15:32:00.508  [35m[restartedMain][0;39m [33mDirectJDKLog:173[0;39m - Starting ProtocolHandler ["http-nio-8080"]
20-02-2023 15:32:00.525  [35m[restartedMain][0;39m [33mTomcatWebServer:220[0;39m - Tomcat started on port(s): 8080 (http) with context path ''
20-02-2023 15:32:00.533  [35m[restartedMain][0;39m [33mStartupInfoLogger:57[0;39m - Started DemoSecurityWebApplication in 4.671 seconds (process running for 5.45)
20-02-2023 15:32:05.006  [35m[http-nio-8080-exec-1][0;39m [33mDirectJDKLog:173[0;39m - Initializing Spring DispatcherServlet 'dispatcherServlet'
20-02-2023 15:32:05.006  [35m[http-nio-8080-exec-1][0;39m [33mFrameworkServlet:532[0;39m - Initializing Servlet 'dispatcherServlet'
20-02-2023 15:32:05.007  [35m[http-nio-8080-exec-1][0;39m [33mFrameworkServlet:554[0;39m - Completed initialization in 1 ms
20-02-2023 15:32:05.540  [35m[http-nio-8080-exec-9][0;39m [33mAbstractOpenApiResource:401[0;39m - Init duration for springdoc-openapi is: 201 ms
20-02-2023 15:32:58.774  [35m[SpringApplicationShutdownHook][0;39m [33mAbstractEntityManagerFactoryBean:650[0;39m - Closing JPA EntityManagerFactory for persistence unit 'default'
20-02-2023 15:32:58.777  [35m[SpringApplicationShutdownHook][0;39m [33mHikariDataSource:350[0;39m - HikariPool-1 - Shutdown initiated...
20-02-2023 15:32:58.784  [35m[SpringApplicationShutdownHook][0;39m [33mHikariDataSource:352[0;39m - HikariPool-1 - Shutdown completed.
20-02-2023 15:33:02.049  [35m[background-preinit][0;39m [33mVersion:21[0;39m - HV000001: Hibernate Validator 8.0.0.Final
20-02-2023 15:33:02.105  [35m[restartedMain][0;39m [33mStartupInfoLogger:51[0;39m - Starting DemoSecurityWebApplication using Java 17.0.3 with PID 16088 (C:\Users\Raju\Downloads\demoSecurityWeb\target\classes started by Raju in C:\Users\Raju\Downloads\demoSecurityWeb)
20-02-2023 15:33:02.107  [35m[restartedMain][0;39m [33mSpringApplication:636[0;39m - The following 1 profile is active: "dev"
20-02-2023 15:33:02.159  [35m[restartedMain][0;39m [33mDeferredLog:250[0;39m - Devtools property defaults active! Set 'spring.devtools.add-properties' to 'false' to disable
20-02-2023 15:33:02.160  [35m[restartedMain][0;39m [33mDeferredLog:250[0;39m - For additional web related logging consider setting the 'logging.level.web' property to 'DEBUG'
20-02-2023 15:33:02.907  [35m[restartedMain][0;39m [33mRepositoryConfigurationDelegate:138[0;39m - Bootstrapping Spring Data JPA repositories in DEFAULT mode.
20-02-2023 15:33:02.965  [35m[restartedMain][0;39m [33mRepositoryConfigurationDelegate:208[0;39m - Finished Spring Data repository scanning in 51 ms. Found 3 JPA repository interfaces.
20-02-2023 15:33:03.614  [35m[restartedMain][0;39m [33mTomcatWebServer:108[0;39m - Tomcat initialized with port(s): 8080 (http)
20-02-2023 15:33:03.622  [35m[restartedMain][0;39m [33mDirectJDKLog:173[0;39m - Initializing ProtocolHandler ["http-nio-8080"]
20-02-2023 15:33:03.623  [35m[restartedMain][0;39m [33mDirectJDKLog:173[0;39m - Starting service [Tomcat]
20-02-2023 15:33:03.623  [35m[restartedMain][0;39m [33mDirectJDKLog:173[0;39m - Starting Servlet engine: [Apache Tomcat/10.1.5]
20-02-2023 15:33:03.674  [35m[restartedMain][0;39m [33mDirectJDKLog:173[0;39m - Initializing Spring embedded WebApplicationContext
20-02-2023 15:33:03.675  [35m[restartedMain][0;39m [33mServletWebServerApplicationContext:291[0;39m - Root WebApplicationContext: initialization completed in 1515 ms
20-02-2023 15:33:03.847  [35m[restartedMain][0;39m [33mLogHelper:31[0;39m - HHH000204: Processing PersistenceUnitInfo [name: default]
20-02-2023 15:33:03.901  [35m[restartedMain][0;39m [33mVersion:44[0;39m - HHH000412: Hibernate ORM core version 6.1.6.Final
20-02-2023 15:33:04.110  [35m[restartedMain][0;39m [33mMetadataBuilderImpl$MetadataBuildingOptionsImpl:626[0;39m - HHH90000021: Encountered deprecated setting [javax.persistence.sharedCache.mode], use [jakarta.persistence.sharedCache.mode] instead
20-02-2023 15:33:04.227  [35m[restartedMain][0;39m [33mHikariDataSource:110[0;39m - HikariPool-1 - Starting...
20-02-2023 15:33:04.391  [35m[restartedMain][0;39m [33mHikariPool:565[0;39m - HikariPool-1 - Added connection com.mysql.cj.jdbc.ConnectionImpl@6e21821f
20-02-2023 15:33:04.393  [35m[restartedMain][0;39m [33mHikariDataSource:123[0;39m - HikariPool-1 - Start completed.
20-02-2023 15:33:04.410  [35m[restartedMain][0;39m [33mDialectFactoryImpl:66[0;39m - HHH000400: Using dialect: org.hibernate.dialect.MySQL8Dialect
20-02-2023 15:33:04.410  [35m[restartedMain][0;39m [33mDialectFactoryImpl:73[0;39m - HHH90000026: MySQL8Dialect has been deprecated; use org.hibernate.dialect.MySQLDialect instead
20-02-2023 15:33:05.343  [35m[restartedMain][0;39m [33mJtaPlatformInitiator:51[0;39m - HHH000490: Using JtaPlatform implementation: [org.hibernate.engine.transaction.jta.platform.internal.NoJtaPlatform]
20-02-2023 15:33:05.352  [35m[restartedMain][0;39m [33mAbstractEntityManagerFactoryBean:437[0;39m - Initialized JPA EntityManagerFactory for persistence unit 'default'
20-02-2023 15:33:06.482  [35m[restartedMain][0;39m [33mDefaultSecurityFilterChain:54[0;39m - Will secure any request with [org.springframework.security.web.session.DisableEncodeUrlFilter@5302c6f5, org.springframework.security.web.context.request.async.WebAsyncManagerIntegrationFilter@761e6eb6, org.springframework.security.web.context.SecurityContextHolderFilter@4cd7ee00, org.springframework.security.web.header.HeaderWriterFilter@33f9143f, org.springframework.security.web.csrf.CsrfFilter@7316e3d1, org.springframework.security.web.authentication.logout.LogoutFilter@76960153, org.springframework.security.web.authentication.UsernamePasswordAuthenticationFilter@3cf1b7e6, org.springframework.security.web.savedrequest.RequestCacheAwareFilter@3f1803d5, org.springframework.security.web.servletapi.SecurityContextHolderAwareRequestFilter@69368bc5, org.springframework.security.web.authentication.AnonymousAuthenticationFilter@4761b914, org.springframework.security.web.access.ExceptionTranslationFilter@44d5a153, org.springframework.security.web.access.intercept.AuthorizationFilter@2360db38]
20-02-2023 15:33:06.503  [35m[restartedMain][0;39m [33mJdbcUserDetailsManager:169[0;39m - No authentication manager set. Reauthentication of users when changing passwords will not be performed.
20-02-2023 15:33:06.840  [35m[restartedMain][0;39m [33mOptionalLiveReloadServer:59[0;39m - LiveReload server is running on port 35729
20-02-2023 15:33:06.860  [35m[restartedMain][0;39m [33mDirectJDKLog:173[0;39m - Starting ProtocolHandler ["http-nio-8080"]
20-02-2023 15:33:06.879  [35m[restartedMain][0;39m [33mTomcatWebServer:220[0;39m - Tomcat started on port(s): 8080 (http) with context path ''
20-02-2023 15:33:06.888  [35m[restartedMain][0;39m [33mStartupInfoLogger:57[0;39m - Started DemoSecurityWebApplication in 5.158 seconds (process running for 6.06)
20-02-2023 15:34:01.894  [35m[SpringApplicationShutdownHook][0;39m [33mAbstractEntityManagerFactoryBean:650[0;39m - Closing JPA EntityManagerFactory for persistence unit 'default'
20-02-2023 15:34:01.898  [35m[SpringApplicationShutdownHook][0;39m [33mHikariDataSource:350[0;39m - HikariPool-1 - Shutdown initiated...
20-02-2023 15:34:01.904  [35m[SpringApplicationShutdownHook][0;39m [33mHikariDataSource:352[0;39m - HikariPool-1 - Shutdown completed.
20-02-2023 15:34:04.612  [35m[background-preinit][0;39m [33mVersion:21[0;39m - HV000001: Hibernate Validator 8.0.0.Final
20-02-2023 15:34:04.666  [35m[restartedMain][0;39m [33mStartupInfoLogger:51[0;39m - Starting DemoSecurityWebApplication using Java 17.0.3 with PID 16328 (C:\Users\Raju\Downloads\demoSecurityWeb\target\classes started by Raju in C:\Users\Raju\Downloads\demoSecurityWeb)
20-02-2023 15:34:04.667  [35m[restartedMain][0;39m [33mSpringApplication:636[0;39m - The following 1 profile is active: "dev"
20-02-2023 15:34:04.717  [35m[restartedMain][0;39m [33mDeferredLog:250[0;39m - Devtools property defaults active! Set 'spring.devtools.add-properties' to 'false' to disable
20-02-2023 15:34:04.717  [35m[restartedMain][0;39m [33mDeferredLog:250[0;39m - For additional web related logging consider setting the 'logging.level.web' property to 'DEBUG'
20-02-2023 15:34:05.454  [35m[restartedMain][0;39m [33mRepositoryConfigurationDelegate:138[0;39m - Bootstrapping Spring Data JPA repositories in DEFAULT mode.
20-02-2023 15:34:05.510  [35m[restartedMain][0;39m [33mRepositoryConfigurationDelegate:208[0;39m - Finished Spring Data repository scanning in 49 ms. Found 3 JPA repository interfaces.
20-02-2023 15:34:06.121  [35m[restartedMain][0;39m [33mTomcatWebServer:108[0;39m - Tomcat initialized with port(s): 8080 (http)
20-02-2023 15:34:06.129  [35m[restartedMain][0;39m [33mDirectJDKLog:173[0;39m - Initializing ProtocolHandler ["http-nio-8080"]
20-02-2023 15:34:06.130  [35m[restartedMain][0;39m [33mDirectJDKLog:173[0;39m - Starting service [Tomcat]
20-02-2023 15:34:06.130  [35m[restartedMain][0;39m [33mDirectJDKLog:173[0;39m - Starting Servlet engine: [Apache Tomcat/10.1.5]
20-02-2023 15:34:06.181  [35m[restartedMain][0;39m [33mDirectJDKLog:173[0;39m - Initializing Spring embedded WebApplicationContext
20-02-2023 15:34:06.181  [35m[restartedMain][0;39m [33mServletWebServerApplicationContext:291[0;39m - Root WebApplicationContext: initialization completed in 1463 ms
20-02-2023 15:34:06.339  [35m[restartedMain][0;39m [33mLogHelper:31[0;39m - HHH000204: Processing PersistenceUnitInfo [name: default]
20-02-2023 15:34:06.396  [35m[restartedMain][0;39m [33mVersion:44[0;39m - HHH000412: Hibernate ORM core version 6.1.6.Final
20-02-2023 15:34:06.580  [35m[restartedMain][0;39m [33mMetadataBuilderImpl$MetadataBuildingOptionsImpl:626[0;39m - HHH90000021: Encountered deprecated setting [javax.persistence.sharedCache.mode], use [jakarta.persistence.sharedCache.mode] instead
20-02-2023 15:34:06.689  [35m[restartedMain][0;39m [33mHikariDataSource:110[0;39m - HikariPool-1 - Starting...
20-02-2023 15:34:06.835  [35m[restartedMain][0;39m [33mHikariPool:565[0;39m - HikariPool-1 - Added connection com.mysql.cj.jdbc.ConnectionImpl@795a74ce
20-02-2023 15:34:06.837  [35m[restartedMain][0;39m [33mHikariDataSource:123[0;39m - HikariPool-1 - Start completed.
20-02-2023 15:34:06.854  [35m[restartedMain][0;39m [33mDialectFactoryImpl:66[0;39m - HHH000400: Using dialect: org.hibernate.dialect.MySQL8Dialect
20-02-2023 15:34:06.854  [35m[restartedMain][0;39m [33mDialectFactoryImpl:73[0;39m - HHH90000026: MySQL8Dialect has been deprecated; use org.hibernate.dialect.MySQLDialect instead
20-02-2023 15:34:07.758  [35m[restartedMain][0;39m [33mJtaPlatformInitiator:51[0;39m - HHH000490: Using JtaPlatform implementation: [org.hibernate.engine.transaction.jta.platform.internal.NoJtaPlatform]
20-02-2023 15:34:07.767  [35m[restartedMain][0;39m [33mAbstractEntityManagerFactoryBean:437[0;39m - Initialized JPA EntityManagerFactory for persistence unit 'default'
20-02-2023 15:34:08.165  [35m[restartedMain][0;39m [33mAbstractApplicationContext:592[0;39m - Exception encountered during context initialization - cancelling refresh attempt: org.springframework.beans.factory.UnsatisfiedDependencyException: Error creating bean with name 'org.springframework.security.config.annotation.web.configuration.WebSecurityConfiguration': Unsatisfied dependency expressed through field 'httpSecurity': Error creating bean with name 'org.springframework.security.config.annotation.web.configuration.HttpSecurityConfiguration': Unsatisfied dependency expressed through method 'setContentNegotiationStrategy' parameter 0: Error creating bean with name 'org.springframework.boot.autoconfigure.web.servlet.WebMvcAutoConfiguration$EnableWebMvcConfiguration': Unsatisfied dependency expressed through method 'setConfigurers' parameter 0: Error creating bean with name 'swaggerWebMvcConfigurer' defined in class path resource [org/springdoc/webmvc/ui/SwaggerConfig.class]: Unsatisfied dependency expressed through method 'swaggerWebMvcConfigurer' parameter 1: Error creating bean with name 'indexPageTransformer' defined in class path resource [org/springdoc/webmvc/ui/SwaggerConfig.class]: Unsatisfied dependency expressed through method 'indexPageTransformer' parameter 3: No qualifying bean of type 'org.springdoc.webmvc.ui.SwaggerWelcomeCommon' available: expected at least 1 bean which qualifies as autowire candidate. Dependency annotations: {}
20-02-2023 15:34:08.166  [35m[restartedMain][0;39m [33mAbstractEntityManagerFactoryBean:650[0;39m - Closing JPA EntityManagerFactory for persistence unit 'default'
20-02-2023 15:34:08.169  [35m[restartedMain][0;39m [33mHikariDataSource:350[0;39m - HikariPool-1 - Shutdown initiated...
20-02-2023 15:34:08.175  [35m[restartedMain][0;39m [33mHikariDataSource:352[0;39m - HikariPool-1 - Shutdown completed.
20-02-2023 15:34:08.178  [35m[restartedMain][0;39m [33mDirectJDKLog:173[0;39m - Stopping service [Tomcat]
20-02-2023 15:34:08.190  [35m[restartedMain][0;39m [33mConditionEvaluationReportLogger:82[0;39m - 

Error starting ApplicationContext. To display the condition evaluation report re-run your application with 'debug' enabled.
20-02-2023 15:34:08.220  [35m[restartedMain][0;39m [33mLoggingFailureAnalysisReporter:40[0;39m - 

***************************
APPLICATION FAILED TO START
***************************

Description:

Parameter 3 of method indexPageTransformer in org.springdoc.webmvc.ui.SwaggerConfig required a bean of type 'org.springdoc.webmvc.ui.SwaggerWelcomeCommon' that could not be found.

The injection point has the following annotations:
	- @org.springframework.beans.factory.annotation.Autowired(required=false)


Action:

Consider defining a bean of type 'org.springdoc.webmvc.ui.SwaggerWelcomeCommon' in your configuration.

20-02-2023 15:34:41.735  [35m[background-preinit][0;39m [33mVersion:21[0;39m - HV000001: Hibernate Validator 8.0.0.Final
20-02-2023 15:34:41.796  [35m[restartedMain][0;39m [33mStartupInfoLogger:51[0;39m - Starting DemoSecurityWebApplication using Java 17.0.3 with PID 22648 (C:\Users\Raju\Downloads\demoSecurityWeb\target\classes started by Raju in C:\Users\Raju\Downloads\demoSecurityWeb)
20-02-2023 15:34:41.798  [35m[restartedMain][0;39m [33mSpringApplication:636[0;39m - The following 1 profile is active: "dev"
20-02-2023 15:34:41.842  [35m[restartedMain][0;39m [33mDeferredLog:250[0;39m - Devtools property defaults active! Set 'spring.devtools.add-properties' to 'false' to disable
20-02-2023 15:34:41.843  [35m[restartedMain][0;39m [33mDeferredLog:250[0;39m - For additional web related logging consider setting the 'logging.level.web' property to 'DEBUG'
20-02-2023 15:34:42.586  [35m[restartedMain][0;39m [33mRepositoryConfigurationDelegate:138[0;39m - Bootstrapping Spring Data JPA repositories in DEFAULT mode.
20-02-2023 15:34:42.642  [35m[restartedMain][0;39m [33mRepositoryConfigurationDelegate:208[0;39m - Finished Spring Data repository scanning in 48 ms. Found 3 JPA repository interfaces.
20-02-2023 15:34:43.270  [35m[restartedMain][0;39m [33mTomcatWebServer:108[0;39m - Tomcat initialized with port(s): 8080 (http)
20-02-2023 15:34:43.278  [35m[restartedMain][0;39m [33mDirectJDKLog:173[0;39m - Initializing ProtocolHandler ["http-nio-8080"]
20-02-2023 15:34:43.278  [35m[restartedMain][0;39m [33mDirectJDKLog:173[0;39m - Starting service [Tomcat]
20-02-2023 15:34:43.279  [35m[restartedMain][0;39m [33mDirectJDKLog:173[0;39m - Starting Servlet engine: [Apache Tomcat/10.1.5]
20-02-2023 15:34:43.335  [35m[restartedMain][0;39m [33mDirectJDKLog:173[0;39m - Initializing Spring embedded WebApplicationContext
20-02-2023 15:34:43.335  [35m[restartedMain][0;39m [33mServletWebServerApplicationContext:291[0;39m - Root WebApplicationContext: initialization completed in 1492 ms
20-02-2023 15:34:43.493  [35m[restartedMain][0;39m [33mLogHelper:31[0;39m - HHH000204: Processing PersistenceUnitInfo [name: default]
20-02-2023 15:34:43.554  [35m[restartedMain][0;39m [33mVersion:44[0;39m - HHH000412: Hibernate ORM core version 6.1.6.Final
20-02-2023 15:34:43.709  [35m[restartedMain][0;39m [33mMetadataBuilderImpl$MetadataBuildingOptionsImpl:626[0;39m - HHH90000021: Encountered deprecated setting [javax.persistence.sharedCache.mode], use [jakarta.persistence.sharedCache.mode] instead
20-02-2023 15:34:43.817  [35m[restartedMain][0;39m [33mHikariDataSource:110[0;39m - HikariPool-1 - Starting...
20-02-2023 15:34:43.980  [35m[restartedMain][0;39m [33mHikariPool:565[0;39m - HikariPool-1 - Added connection com.mysql.cj.jdbc.ConnectionImpl@6c0e9dc
20-02-2023 15:34:43.982  [35m[restartedMain][0;39m [33mHikariDataSource:123[0;39m - HikariPool-1 - Start completed.
20-02-2023 15:34:43.999  [35m[restartedMain][0;39m [33mDialectFactoryImpl:66[0;39m - HHH000400: Using dialect: org.hibernate.dialect.MySQL8Dialect
20-02-2023 15:34:44.000  [35m[restartedMain][0;39m [33mDialectFactoryImpl:73[0;39m - HHH90000026: MySQL8Dialect has been deprecated; use org.hibernate.dialect.MySQLDialect instead
20-02-2023 15:34:44.887  [35m[restartedMain][0;39m [33mJtaPlatformInitiator:51[0;39m - HHH000490: Using JtaPlatform implementation: [org.hibernate.engine.transaction.jta.platform.internal.NoJtaPlatform]
20-02-2023 15:34:44.896  [35m[restartedMain][0;39m [33mAbstractEntityManagerFactoryBean:437[0;39m - Initialized JPA EntityManagerFactory for persistence unit 'default'
20-02-2023 15:34:45.992  [35m[restartedMain][0;39m [33mDefaultSecurityFilterChain:54[0;39m - Will secure any request with [org.springframework.security.web.session.DisableEncodeUrlFilter@1b48a7c6, org.springframework.security.web.context.request.async.WebAsyncManagerIntegrationFilter@12dd4df0, org.springframework.security.web.context.SecurityContextHolderFilter@2b44dc54, org.springframework.security.web.header.HeaderWriterFilter@2af1ec01, org.springframework.security.web.csrf.CsrfFilter@70c4c794, org.springframework.security.web.authentication.logout.LogoutFilter@4e91539b, org.springframework.security.web.authentication.UsernamePasswordAuthenticationFilter@3802c6c2, org.springframework.security.web.savedrequest.RequestCacheAwareFilter@76960153, org.springframework.security.web.servletapi.SecurityContextHolderAwareRequestFilter@39d06d52, org.springframework.security.web.authentication.AnonymousAuthenticationFilter@3cc7adbf, org.springframework.security.web.access.ExceptionTranslationFilter@5325a057, org.springframework.security.web.access.intercept.AuthorizationFilter@b135ba]
20-02-2023 15:34:46.013  [35m[restartedMain][0;39m [33mJdbcUserDetailsManager:169[0;39m - No authentication manager set. Reauthentication of users when changing passwords will not be performed.
20-02-2023 15:34:46.322  [35m[restartedMain][0;39m [33mOptionalLiveReloadServer:59[0;39m - LiveReload server is running on port 35729
20-02-2023 15:34:46.340  [35m[restartedMain][0;39m [33mDirectJDKLog:173[0;39m - Starting ProtocolHandler ["http-nio-8080"]
20-02-2023 15:34:46.360  [35m[restartedMain][0;39m [33mTomcatWebServer:220[0;39m - Tomcat started on port(s): 8080 (http) with context path ''
20-02-2023 15:34:46.368  [35m[restartedMain][0;39m [33mStartupInfoLogger:57[0;39m - Started DemoSecurityWebApplication in 4.927 seconds (process running for 5.765)
20-02-2023 15:34:55.316  [35m[http-nio-8080-exec-1][0;39m [33mDirectJDKLog:173[0;39m - Initializing Spring DispatcherServlet 'dispatcherServlet'
20-02-2023 15:34:55.317  [35m[http-nio-8080-exec-1][0;39m [33mFrameworkServlet:532[0;39m - Initializing Servlet 'dispatcherServlet'
20-02-2023 15:34:55.318  [35m[http-nio-8080-exec-1][0;39m [33mFrameworkServlet:554[0;39m - Completed initialization in 1 ms
20-02-2023 15:34:55.915  [35m[http-nio-8080-exec-9][0;39m [33mAbstractOpenApiResource:401[0;39m - Init duration for springdoc-openapi is: 229 ms
20-02-2023 16:39:07.445  [35m[SpringApplicationShutdownHook][0;39m [33mAbstractEntityManagerFactoryBean:650[0;39m - Closing JPA EntityManagerFactory for persistence unit 'default'
20-02-2023 16:39:07.451  [35m[SpringApplicationShutdownHook][0;39m [33mHikariDataSource:350[0;39m - HikariPool-1 - Shutdown initiated...
20-02-2023 16:39:07.454  [35m[SpringApplicationShutdownHook][0;39m [33mHikariDataSource:352[0;39m - HikariPool-1 - Shutdown completed.
